C:\Program Files\Microsoft Visual Studio\2022\Community\MSBuild\Microsoft\VC\v170\Microsoft.CppBuild.targets(516,5): warning MSB8004: o diretório Intermediate não termina com uma barra à direita. Essa instância de compilação adicionará a barra conforme necessário para permitir a avaliação adequada do Diretório Intermediate.
C:\Program Files\Microsoft Visual Studio\2022\Community\MSBuild\Microsoft\VC\v170\Microsoft.CppBuild.targets(517,5): warning MSB8004: o diretório Output não termina com uma barra à direita. Essa instância de compilação adicionará a barra conforme necessário para permitir a avaliação adequada do Diretório Output.
  Main.cpp
C:\Program Files (x86)\Windows Kits\10\Include\10.0.22621.0\ucrt\tgmath.h(33): warning UCRT4000: This header does not conform to the C99 standard. C99 functionality is available when compiling in C11 mode or higher (/std:c11). Functionality equivalent to the type-generic functions provided by tgmath.h is available in <ctgmath> when compiling as C++. If compiling in C++17 mode or higher (/std:c++17), this header will automatically include <ctgmath> instead. You can define _CRT_SILENCE_NONCONFORMING_TGMATH_H to acknowledge that you have received this warning.
D:\Projects\cpp-study-tests-references\VisualStudioSolution\Hello\src\Main.cpp(39,20): warning C4305: 'inicializando': truncamento de 'double' para 'float'
D:\Projects\cpp-study-tests-references\VisualStudioSolution\Hello\src\Main.cpp(57,17): warning C4244: '=': conversão de '_Rep' para 'float', possível perda de dados
D:\Projects\cpp-study-tests-references\VisualStudioSolution\Hello\src\Main.cpp(57,17): warning C4244:         with
D:\Projects\cpp-study-tests-references\VisualStudioSolution\Hello\src\Main.cpp(57,17): warning C4244:         [
D:\Projects\cpp-study-tests-references\VisualStudioSolution\Hello\src\Main.cpp(57,17): warning C4244:             _Rep=double
D:\Projects\cpp-study-tests-references\VisualStudioSolution\Hello\src\Main.cpp(57,17): warning C4244:         ]
D:\Projects\cpp-study-tests-references\VisualStudioSolution\Hello\src\Main.cpp(135,16): warning C4311: 'conversão de tipo': truncamento de ponteiro de 'float *' para 'int'
D:\Projects\cpp-study-tests-references\VisualStudioSolution\Hello\src\Main.cpp(135,16): warning C4302: 'conversão de tipo': truncamento de 'float *' para 'int'
D:\Projects\cpp-study-tests-references\VisualStudioSolution\Hello\src\Main.cpp(156,10): warning C4311: 'conversão de tipo': truncamento de ponteiro de 'int **' para 'int'
D:\Projects\cpp-study-tests-references\VisualStudioSolution\Hello\src\Main.cpp(156,10): warning C4302: 'conversão de tipo': truncamento de 'int **' para 'int'
D:\Projects\cpp-study-tests-references\VisualStudioSolution\Hello\src\Main.cpp(251,23): warning C4305: 'argumento': truncamento de 'double' para 'float'
D:\Projects\cpp-study-tests-references\VisualStudioSolution\Hello\src\Main.cpp(260,18): warning C4305: 'argumento': truncamento de 'double' para 'float'
C:\Program Files\Microsoft Visual Studio\2022\Community\VC\Tools\MSVC\14.42.34433\include\xmemory(700,103): warning C4244: 'argumento': conversão de '_Ty' para 'float', possível perda de dados
C:\Program Files\Microsoft Visual Studio\2022\Community\VC\Tools\MSVC\14.42.34433\include\xmemory(700,103): warning C4244:         with
C:\Program Files\Microsoft Visual Studio\2022\Community\VC\Tools\MSVC\14.42.34433\include\xmemory(700,103): warning C4244:         [
C:\Program Files\Microsoft Visual Studio\2022\Community\VC\Tools\MSVC\14.42.34433\include\xmemory(700,103): warning C4244:             _Ty=int
C:\Program Files\Microsoft Visual Studio\2022\Community\VC\Tools\MSVC\14.42.34433\include\xmemory(700,103): warning C4244:         ]
  (compilando o arquivo fonte 'src/Main.cpp')
      C:\Program Files\Microsoft Visual Studio\2022\Community\VC\Tools\MSVC\14.42.34433\include\xmemory(700,103):
      o contexto de instanciação do modelo (o mais antigo primeiro) é
          D:\Projects\cpp-study-tests-references\VisualStudioSolution\Hello\src\Main.cpp(220,11):
          consulte a referência à instanciação 'void std::vector<Vertex,std::allocator<Vertex>>::emplace_back<int,int,int>(int &&,int &&,int &&)' do modelo que está sendo compilada
          C:\Program Files\Microsoft Visual Studio\2022\Community\VC\Tools\MSVC\14.42.34433\include\vector(858,24):
          consulte a referência à instanciação '_Ty &std::vector<_Ty,std::allocator<_Ty>>::_Emplace_one_at_back<int,int,int>(int &&,int &&,int &&)' do modelo que está sendo compilada
          with
          [
              _Ty=Vertex
          ]
          C:\Program Files\Microsoft Visual Studio\2022\Community\VC\Tools\MSVC\14.42.34433\include\vector(776,20):
          consulte a referência à instanciação '_Ty &std::vector<_Ty,std::allocator<_Ty>>::_Emplace_back_with_unused_capacity<int,int,int>(int &&,int &&,int &&)' do modelo que está sendo compilada
          with
          [
              _Ty=Vertex
          ]
          C:\Program Files\Microsoft Visual Studio\2022\Community\VC\Tools\MSVC\14.42.34433\include\vector(794,27):
          consulte a referência à instanciação 'void std::_Default_allocator_traits<_Alloc>::construct<_Ty,int,int,int>(_Alloc &,_Objty *const ,int &&,int &&,int &&)' do modelo que está sendo compilada
          with
          [
              _Alloc=std::allocator<Vertex>,
              _Ty=Vertex,
              _Objty=Vertex
          ]
  
  Hello.vcxproj -> D:\Projects\cpp-study-tests-references\VisualStudioSolution\Hello\bin\x64Debug\ChernoCppCourse-Hello.exe
